%このファイルは日本語文字を含みます.
\BOOKMARK [1][-]{section.1}{手順}{}% 1
\BOOKMARK [2][-]{subsection.1.1}{課題1}{section.1}% 2
\BOOKMARK [3][-]{subsubsection.1.1.1}{k最近傍法}{subsection.1.1}% 3
\BOOKMARK [3][-]{subsubsection.1.1.2}{ホールドアウト法（最初の80\045を学習・残りの20\045をテスト）}{subsection.1.1}% 4
\BOOKMARK [3][-]{subsubsection.1.1.3}{ホールドアウト法（最初の20\045をテスト・残りの80\045を学習）}{subsection.1.1}% 5
\BOOKMARK [3][-]{subsubsection.1.1.4}{5分割の交差確認法}{subsection.1.1}% 6
\BOOKMARK [2][-]{subsection.1.2}{課題2}{section.1}% 7
\BOOKMARK [3][-]{subsubsection.1.2.1}{最近傍法のハイパーパラメータの最適化}{subsection.1.2}% 8
\BOOKMARK [1][-]{section.2}{結果}{}% 9
\BOOKMARK [2][-]{subsection.2.1}{課題1}{section.2}% 10
\BOOKMARK [3][-]{subsubsection.2.1.1}{k最近傍法}{subsection.2.1}% 11
\BOOKMARK [3][-]{subsubsection.2.1.2}{ホールドアウト法（最初の80\045を学習・残りの20\045をテスト）}{subsection.2.1}% 12
\BOOKMARK [3][-]{subsubsection.2.1.3}{ホールドアウト法（最初の20\045をテスト・残りの80\045を学習）}{subsection.2.1}% 13
\BOOKMARK [3][-]{subsubsection.2.1.4}{5分割の交差確認法}{subsection.2.1}% 14
\BOOKMARK [2][-]{subsection.2.2}{課題2}{section.2}% 15
\BOOKMARK [3][-]{subsubsection.2.2.1}{最近傍法のハイパーパラメータの最適化}{subsection.2.2}% 16
\BOOKMARK [1][-]{section.3}{考察}{}% 17
\BOOKMARK [2][-]{subsection.3.1}{課題1}{section.3}% 18
\BOOKMARK [2][-]{subsection.3.2}{課題2}{section.3}% 19
