This is e-pTeX, Version 3.14159265-p3.8.3-191112-2.6 (utf8.sjis) (TeX Live 2020/W32TeX) (preloaded format=platex 2021.1.4)  31 MAY 2021 14:20
entering extended mode
 restricted \write18 enabled.
 file:line:error style messages enabled.
 %&-line parsing enabled.
**c:/Users/pride/Documents/レポート課題/メディプロ/Report1/report1.tex
(c:/Users/pride/Documents/レポート課題/メディプロ/Report1/report1.tex
pLaTeX2e <2020-10-01>+1 (based on LaTeX2e <2020-10-01> patch level 3)
L3 programming layer <2020-12-07> xparse <2020-03-03> (c:/texlive/2020/texmf-dist/tex/platex/jsclasses/jsarticle.cls
Document Class: jsarticle 2020/10/09 jsclasses (okumura, texjporg)
\jsc@mpt=\dimen154
\jsc@mmm=\dimen155
\jsc@smallskipamount=\skip47
LaTeX Info: Redefining \textmc on input line 497.
LaTeX Info: Redefining \textgt on input line 499.
\symmincho=\mathgroup4
LaTeX Font Info:    Overwriting symbol font `mincho' in version `bold'
(Font)                  JY1/mc/m/n --> JY1/gt/m/n on input line 561.
LaTeX Font Info:    Font shape `JT1/mc/m/n' will be
(Font)              scaled to size 9.60999pt on input line 755.
LaTeX Font Info:    Font shape `JY1/mc/m/n' will be
(Font)              scaled to size 9.60999pt on input line 755.
\fullwidth=\dimen156
LaTeX Font Info:    Font shape `JT1/mc/m/n' will be
(Font)              scaled to size 7.68799pt on input line 908.
LaTeX Font Info:    Font shape `JY1/mc/m/n' will be
(Font)              scaled to size 7.68799pt on input line 908.
\c@part=\count176
\c@section=\count177
\c@subsection=\count178
\c@subsubsection=\count179
\c@paragraph=\count180
\c@subparagraph=\count181
\@abstractbox=\box64
\c@figure=\count182
\c@table=\count183
\abovecaptionskip=\skip48
\belowcaptionskip=\skip49
\jsc@tocl@width=\dimen157
\@lnumwidth=\dimen158
\bibindent=\dimen159
(c:/texlive/2020/texmf-dist/tex/platex/jsclasses/jslogo.sty
Package: jslogo 2019/07/25 okumura, texjporg
LaTeX Info: Redefining \TeX on input line 82.
LaTeX Info: Redefining \LaTeX on input line 135.
LaTeX Info: Redefining \LaTeXe on input line 188.
)
\heisei=\count184
) (c:/texlive/2020/texmf-dist/tex/latex/graphics/graphicx.sty
Package: graphicx 2020/09/09 v1.2b Enhanced LaTeX Graphics (DPC,SPQR)
(c:/texlive/2020/texmf-dist/tex/latex/graphics/keyval.sty
Package: keyval 2014/10/28 v1.15 key=value parser (DPC)
\KV@toks@=\toks16
) (c:/texlive/2020/texmf-dist/tex/latex/graphics/graphics.sty
Package: graphics 2020/08/30 v1.4c Standard LaTeX Graphics (DPC,SPQR)
(c:/texlive/2020/texmf-dist/tex/latex/graphics/trig.sty
Package: trig 2016/01/03 v1.10 sin cos tan (DPC)
) (c:/texlive/2020/texmf-dist/tex/latex/graphics-cfg/graphics.cfg
File: graphics.cfg 2016/06/04 v1.11 sample graphics configuration
)
Package graphics Info: Driver file: dvips.def on input line 105.
(c:/texlive/2020/texmf-dist/tex/latex/graphics-def/dvips.def
File: dvips.def 2017/06/20 v3.1d Graphics/color driver for dvips
))
\Gin@req@height=\dimen160
\Gin@req@width=\dimen161
) (c:/texlive/2020/texmf-dist/tex/latex/comment/comment.sty
\CommentStream=\write3
Excluding comment 'comment') (c:/texlive/2020/texmf-dist/tex/latex/l3backend/l3backend-dvips.def
File: l3backend-dvips.def 2020-09-24 L3 backend support: dvips
\l__pdf_internal_box=\box65
\g__pdf_backend_object_int=\count185
\l__pdf_backend_content_box=\box66
\l__pdf_backend_model_box=\box67
\g__pdf_backend_annotation_int=\count186
\g__pdf_backend_link_int=\count187
\g__pdf_backend_link_sf_int=\count188
) (out/report1.aux)
\openout1 = `report1.aux'.

LaTeX Font Info:    Checking defaults for OML/cmm/m/it on input line 16.
LaTeX Font Info:    ... okay on input line 16.
LaTeX Font Info:    Checking defaults for OMS/cmsy/m/n on input line 16.
LaTeX Font Info:    ... okay on input line 16.
LaTeX Font Info:    Checking defaults for OT1/cmr/m/n on input line 16.
LaTeX Font Info:    ... okay on input line 16.
LaTeX Font Info:    Checking defaults for T1/cmr/m/n on input line 16.
LaTeX Font Info:    ... okay on input line 16.
LaTeX Font Info:    Checking defaults for TS1/cmr/m/n on input line 16.
LaTeX Font Info:    ... okay on input line 16.
LaTeX Font Info:    Checking defaults for OMX/cmex/m/n on input line 16.
LaTeX Font Info:    ... okay on input line 16.
LaTeX Font Info:    Checking defaults for U/cmr/m/n on input line 16.
LaTeX Font Info:    ... okay on input line 16.
LaTeX Font Info:    Checking defaults for JY1/mc/m/n on input line 16.
LaTeX Font Info:    ... okay on input line 16.
LaTeX Font Info:    Checking defaults for JT1/mc/m/n on input line 16.
LaTeX Font Info:    ... okay on input line 16.
LaTeX Font Info:    Font shape `JT1/mc/m/n' will be
(Font)              scaled to size 16.60605pt on input line 17.
LaTeX Font Info:    Font shape `JY1/mc/m/n' will be
(Font)              scaled to size 16.60605pt on input line 17.
LaTeX Font Info:    Font shape `JT1/mc/m/n' will be
(Font)              scaled to size 11.53198pt on input line 17.
LaTeX Font Info:    Font shape `JY1/mc/m/n' will be
(Font)              scaled to size 11.53198pt on input line 17.
LaTeX Font Info:    External font `cmex10' loaded for size
(Font)              <12> on input line 17.
LaTeX Font Info:    External font `cmex10' loaded for size
(Font)              <8> on input line 17.
LaTeX Font Info:    External font `cmex10' loaded for size
(Font)              <6> on input line 17.
LaTeX Font Info:    Font shape `JY1/mc/m/n' will be
(Font)              scaled to size 5.76599pt on input line 17.
LaTeX Font Info:    Font shape `JT1/mc/m/n' will be
(Font)              scaled to size 13.83836pt on input line 19.
LaTeX Font Info:    Font shape `JY1/mc/m/n' will be
(Font)              scaled to size 13.83836pt on input line 19.
LaTeX Font Info:    Font shape `JT1/gt/m/n' will be
(Font)              scaled to size 13.83836pt on input line 19.
LaTeX Font Info:    Font shape `JY1/gt/m/n' will be
(Font)              scaled to size 13.83836pt on input line 19.
LaTeX Font Info:    Font shape `JT1/gt/m/n' will be
(Font)              scaled to size 11.53198pt on input line 30.
LaTeX Font Info:    Font shape `JY1/gt/m/n' will be
(Font)              scaled to size 11.53198pt on input line 30.
LaTeX Font Info:    Trying to load font information for OML+cmr on input line 48.
(c:/texlive/2020/texmf-dist/tex/latex/base/omlcmr.fd
File: omlcmr.fd 2019/12/16 v2.5j Standard LaTeX font definitions
)
LaTeX Font Info:    Font shape `OML/cmr/m/n' in size <10> not available
(Font)              Font shape `OML/cmm/m/it' tried instead on input line 48.
[1

]
File: setumei.eps Graphic file (type eps)
<setumei.eps>
LaTeX Font Info:    Font shape `JT1/mc/m/n' will be
(Font)              scaled to size 8.64899pt on input line 115.
LaTeX Font Info:    Font shape `JY1/mc/m/n' will be
(Font)              scaled to size 8.64899pt on input line 115.

LaTeX Warning: `h' float specifier changed to `ht'.

LaTeX Font Info:    Font shape `JT1/gt/m/n' will be
(Font)              scaled to size 9.60999pt on input line 128.
LaTeX Font Info:    Font shape `JY1/gt/m/n' will be
(Font)              scaled to size 9.60999pt on input line 128.
[2] [3] [4] [5]
Underfull \hbox (badness 10000) in paragraph at lines 321--321
[]                                \OT1/cmtt/m/n/10 if(enY[j]>0 && enY[j]<height && p>0 && p<width) //Board.bmp
 []


Overfull \hbox (9.79886pt too wide) in paragraph at lines 321--321
[]                                \OT1/cmtt/m/n/10 if(enY[j]>0 && enY[j]<height && enX[j]>0 && enX[j]<width)   //
 []


Overfull \hbox (25.54872pt too wide) in paragraph at lines 321--321
[]                                \OT1/cmtt/m/n/10 if(enY[j]>0 && enY[j]<height && enX[180-j]>0 && enX[180-j]<width)[] 
 []


Underfull \hbox (badness 10000) in paragraph at lines 321--321
[]                                \OT1/cmtt/m/n/10 if(enY[j]>0 && enY[j]<height && p>0 && p<width) //Board.bmp
 []

[6]
Overfull \hbox (9.79886pt too wide) in paragraph at lines 321--321
[]                                \OT1/cmtt/m/n/10 if(enY[j]>0 && enY[j]<height && enX[j]>0 && enX[j]<width)   //
 []


Overfull \hbox (25.54872pt too wide) in paragraph at lines 321--321
[]                                \OT1/cmtt/m/n/10 if(enY[j]>0 && enY[j]<height && enX[540-j]>0 && enX[540-j]<width)[] 
 []


Overfull \hbox (36.04863pt too wide) in paragraph at lines 321--321
[]                        \OT1/cmtt/m/n/10 if(enY[90]>0 && enY[90]<height && enX[90]>0 && enX[90]<width)   //Board.bmp
 []


Overfull \hbox (57.04845pt too wide) in paragraph at lines 321--321
[]                        \OT1/cmtt/m/n/10 if(enY[270]>0 && enY[270]<height && enX[270]>0 && enX[270]<width)   //Board.bmp
 []


Underfull \hbox (badness 10000) in paragraph at lines 321--321
[]                                \OT1/cmtt/m/n/10 if(enY[j]>0 && enY[j]<height && p>0 && p<width) //Board.bmp
 []

[7]
Overfull \hbox (25.54872pt too wide) in paragraph at lines 321--321
[]                                \OT1/cmtt/m/n/10 if(enY[j]>0 && enY[j]<height && enX[180-j]>0 && enX[180-j]<width)[] 
 []


Underfull \hbox (badness 10000) in paragraph at lines 321--321
[]                                \OT1/cmtt/m/n/10 if(enY[j]>0 && enY[j]<height && p>0 && p<width) //Board.bmp
 []


Overfull \hbox (25.54872pt too wide) in paragraph at lines 321--321
[]                                \OT1/cmtt/m/n/10 if(enY[j]>0 && enY[j]<height && enX[540-j]>0 && enX[540-j]<width)[] 
 []

Excluding 'comment' comment.
File: Report1.eps Graphic file (type eps)
<Report1.eps>

LaTeX Warning: `h' float specifier changed to `ht'.

[8] [9] (out/report1.aux) ) 
Here is how much of TeX's memory you used:
 1101 strings out of 479782
 16524 string characters out of 5883012
 314835 words of memory out of 5000000
 18523 multiletter control sequences out of 15000+600000
 414671 words of font info for 79 fonts, out of 8000000 for 9000
 934 hyphenation exceptions out of 8191
 66i,6n,70p,261b,363s stack positions out of 5000i,500n,10000p,200000b,80000s

Output written on out/report1.dvi (9 pages, 27532 bytes).
